{"/Users/ricardo/projetos/react-nano-degree/myReads/src/App.js": {"path":"/Users/ricardo/projetos/react-nano-degree/myReads/src/App.js","statementMap":{"0":{"start":{"line":11,"column":0},"end":{"line":84,"column":1}},"1":{"start":{"line":14,"column":4},"end":{"line":14,"column":17}},"2":{"start":{"line":15,"column":4},"end":{"line":18,"column":5}},"3":{"start":{"line":22,"column":4},"end":{"line":24,"column":6}},"4":{"start":{"line":23,"column":6},"end":{"line":23,"column":28}},"5":{"start":{"line":28,"column":4},"end":{"line":33,"column":7}},"6":{"start":{"line":29,"column":6},"end":{"line":29,"column":24}},"7":{"start":{"line":30,"column":6},"end":{"line":32,"column":9}},"8":{"start":{"line":30,"column":32},"end":{"line":32,"column":7}},"9":{"start":{"line":31,"column":42},"end":{"line":31,"column":58}},"10":{"start":{"line":37,"column":20},"end":{"line":46,"column":6}},"11":{"start":{"line":47,"column":4},"end":{"line":82,"column":5}},"12":{"start":{"line":50,"column":10},"end":{"line":64,"column":16}},"13":{"start":{"line":56,"column":20},"end":{"line":56,"column":187}},"14":{"start":{"line":56,"column":105},"end":{"line":56,"column":128}},"15":{"start":{"line":67,"column":10},"end":{"line":70,"column":17}},"16":{"start":{"line":68,"column":12},"end":{"line":68,"column":45}},"17":{"start":{"line":69,"column":12},"end":{"line":69,"column":30}},"18":{"start":{"line":73,"column":12},"end":{"line":77,"column":14}},"19":{"start":{"line":74,"column":14},"end":{"line":74,"column":47}},"20":{"start":{"line":75,"column":16},"end":{"line":75,"column":34}}},"fnMap":{"0":{"name":"(anonymous_0)","decl":{"start":{"line":13,"column":2},"end":{"line":13,"column":3}},"loc":{"start":{"line":13,"column":21},"end":{"line":19,"column":3}},"line":13},"1":{"name":"(anonymous_1)","decl":{"start":{"line":21,"column":2},"end":{"line":21,"column":3}},"loc":{"start":{"line":21,"column":23},"end":{"line":25,"column":3}},"line":21},"2":{"name":"(anonymous_2)","decl":{"start":{"line":22,"column":27},"end":{"line":22,"column":28}},"loc":{"start":{"line":22,"column":38},"end":{"line":24,"column":5}},"line":22},"3":{"name":"(anonymous_3)","decl":{"start":{"line":27,"column":19},"end":{"line":27,"column":20}},"loc":{"start":{"line":27,"column":36},"end":{"line":34,"column":3}},"line":27},"4":{"name":"(anonymous_4)","decl":{"start":{"line":28,"column":38},"end":{"line":28,"column":39}},"loc":{"start":{"line":28,"column":44},"end":{"line":33,"column":5}},"line":28},"5":{"name":"(anonymous_5)","decl":{"start":{"line":30,"column":20},"end":{"line":30,"column":21}},"loc":{"start":{"line":30,"column":32},"end":{"line":32,"column":7}},"line":30},"6":{"name":"(anonymous_6)","decl":{"start":{"line":31,"column":35},"end":{"line":31,"column":36}},"loc":{"start":{"line":31,"column":42},"end":{"line":31,"column":58}},"line":31},"7":{"name":"(anonymous_7)","decl":{"start":{"line":36,"column":2},"end":{"line":36,"column":3}},"loc":{"start":{"line":36,"column":11},"end":{"line":83,"column":3}},"line":36},"8":{"name":"(anonymous_8)","decl":{"start":{"line":49,"column":38},"end":{"line":49,"column":39}},"loc":{"start":{"line":50,"column":10},"end":{"line":64,"column":16}},"line":50},"9":{"name":"(anonymous_9)","decl":{"start":{"line":55,"column":30},"end":{"line":55,"column":31}},"loc":{"start":{"line":56,"column":20},"end":{"line":56,"column":187}},"line":56},"10":{"name":"(anonymous_10)","decl":{"start":{"line":56,"column":95},"end":{"line":56,"column":96}},"loc":{"start":{"line":56,"column":105},"end":{"line":56,"column":128}},"line":56},"11":{"name":"(anonymous_11)","decl":{"start":{"line":66,"column":38},"end":{"line":66,"column":39}},"loc":{"start":{"line":67,"column":10},"end":{"line":70,"column":17}},"line":67},"12":{"name":"(anonymous_12)","decl":{"start":{"line":67,"column":86},"end":{"line":67,"column":87}},"loc":{"start":{"line":67,"column":103},"end":{"line":70,"column":13}},"line":67},"13":{"name":"(anonymous_13)","decl":{"start":{"line":72,"column":41},"end":{"line":72,"column":42}},"loc":{"start":{"line":73,"column":12},"end":{"line":77,"column":14}},"line":73},"14":{"name":"(anonymous_14)","decl":{"start":{"line":73,"column":81},"end":{"line":73,"column":82}},"loc":{"start":{"line":73,"column":98},"end":{"line":76,"column":15}},"line":73}},"branchMap":{},"s":{"0":1,"1":1,"2":1,"3":1,"4":1,"5":0,"6":0,"7":0,"8":0,"9":0,"10":2,"11":2,"12":0,"13":0,"14":0,"15":0,"16":0,"17":0,"18":0,"19":0,"20":0},"f":{"0":1,"1":1,"2":1,"3":0,"4":0,"5":0,"6":0,"7":2,"8":0,"9":0,"10":0,"11":0,"12":0,"13":0,"14":0},"b":{},"_coverageSchema":"332fd63041d2c1bcb487cc26dd0d5f7d97098a6c","hash":"c7ddc7bf320d665102f8cfff62b9cc9a2b32e312"}
,"/Users/ricardo/projetos/react-nano-degree/myReads/src/components/Book.js": {"path":"/Users/ricardo/projetos/react-nano-degree/myReads/src/components/Book.js","statementMap":{"0":{"start":{"line":5,"column":13},"end":{"line":22,"column":1}},"1":{"start":{"line":6,"column":57},"end":{"line":6,"column":62}},"2":{"start":{"line":7,"column":20},"end":{"line":7,"column":66}},"3":{"start":{"line":8,"column":4},"end":{"line":21,"column":5}},"4":{"start":{"line":18,"column":16},"end":{"line":18,"column":73}}},"fnMap":{"0":{"name":"(anonymous_0)","decl":{"start":{"line":5,"column":13},"end":{"line":5,"column":14}},"loc":{"start":{"line":5,"column":22},"end":{"line":22,"column":1}},"line":5},"1":{"name":"(anonymous_1)","decl":{"start":{"line":17,"column":25},"end":{"line":17,"column":26}},"loc":{"start":{"line":18,"column":16},"end":{"line":18,"column":73}},"line":18}},"branchMap":{"0":{"loc":{"start":{"line":7,"column":20},"end":{"line":7,"column":66}},"type":"cond-expr","locations":[{"start":{"line":7,"column":49},"end":{"line":7,"column":61}},{"start":{"line":7,"column":64},"end":{"line":7,"column":66}}],"line":7}},"s":{"0":2,"1":1,"2":1,"3":1,"4":2},"f":{"0":1,"1":2},"b":{"0":[1,0]},"_coverageSchema":"332fd63041d2c1bcb487cc26dd0d5f7d97098a6c","hash":"f414f383ae2bc3fe257737049b65add47cb7f2cf"}
,"/Users/ricardo/projetos/react-nano-degree/myReads/src/components/BookDetail.js": {"path":"/Users/ricardo/projetos/react-nano-degree/myReads/src/components/BookDetail.js","statementMap":{"0":{"start":{"line":7,"column":0},"end":{"line":65,"column":1}},"1":{"start":{"line":10,"column":8},"end":{"line":10,"column":20}},"2":{"start":{"line":11,"column":8},"end":{"line":14,"column":9}},"3":{"start":{"line":15,"column":8},"end":{"line":15,"column":40}},"4":{"start":{"line":19,"column":8},"end":{"line":24,"column":10}},"5":{"start":{"line":20,"column":12},"end":{"line":23,"column":14}},"6":{"start":{"line":28,"column":33},"end":{"line":28,"column":43}},"7":{"start":{"line":29,"column":8},"end":{"line":31,"column":9}},"8":{"start":{"line":30,"column":12},"end":{"line":30,"column":23}},"9":{"start":{"line":33,"column":24},"end":{"line":33,"column":82}},"10":{"start":{"line":34,"column":43},"end":{"line":34,"column":53}},"11":{"start":{"line":35,"column":8},"end":{"line":63,"column":9}}},"fnMap":{"0":{"name":"(anonymous_0)","decl":{"start":{"line":9,"column":4},"end":{"line":9,"column":5}},"loc":{"start":{"line":9,"column":23},"end":{"line":16,"column":5}},"line":9},"1":{"name":"(anonymous_1)","decl":{"start":{"line":18,"column":15},"end":{"line":18,"column":16}},"loc":{"start":{"line":18,"column":23},"end":{"line":25,"column":5}},"line":18},"2":{"name":"(anonymous_2)","decl":{"start":{"line":19,"column":30},"end":{"line":19,"column":31}},"loc":{"start":{"line":19,"column":40},"end":{"line":24,"column":9}},"line":19},"3":{"name":"(anonymous_3)","decl":{"start":{"line":27,"column":4},"end":{"line":27,"column":5}},"loc":{"start":{"line":27,"column":13},"end":{"line":64,"column":5}},"line":27}},"branchMap":{"0":{"loc":{"start":{"line":29,"column":8},"end":{"line":31,"column":9}},"type":"if","locations":[{"start":{"line":29,"column":8},"end":{"line":31,"column":9}},{"start":{"line":29,"column":8},"end":{"line":31,"column":9}}],"line":29},"1":{"loc":{"start":{"line":33,"column":24},"end":{"line":33,"column":82}},"type":"cond-expr","locations":[{"start":{"line":33,"column":54},"end":{"line":33,"column":77}},{"start":{"line":33,"column":80},"end":{"line":33,"column":82}}],"line":33}},"s":{"0":1,"1":0,"2":0,"3":0,"4":0,"5":0,"6":0,"7":0,"8":0,"9":0,"10":0,"11":0},"f":{"0":0,"1":0,"2":0,"3":0},"b":{"0":[0,0],"1":[0,0]},"_coverageSchema":"332fd63041d2c1bcb487cc26dd0d5f7d97098a6c","hash":"f9fc8829bf523bf1959b8baae27b55ed74449989"}
,"/Users/ricardo/projetos/react-nano-degree/myReads/src/components/BookSearch.js": {"path":"/Users/ricardo/projetos/react-nano-degree/myReads/src/components/BookSearch.js","statementMap":{"0":{"start":{"line":7,"column":0},"end":{"line":88,"column":1}},"1":{"start":{"line":10,"column":8},"end":{"line":10,"column":21}},"2":{"start":{"line":11,"column":8},"end":{"line":14,"column":9}},"3":{"start":{"line":19,"column":8},"end":{"line":22,"column":9}},"4":{"start":{"line":20,"column":12},"end":{"line":20,"column":41}},"5":{"start":{"line":21,"column":12},"end":{"line":21,"column":18}},"6":{"start":{"line":24,"column":8},"end":{"line":35,"column":10}},"7":{"start":{"line":26,"column":12},"end":{"line":29,"column":13}},"8":{"start":{"line":27,"column":16},"end":{"line":27,"column":45}},"9":{"start":{"line":28,"column":16},"end":{"line":28,"column":22}},"10":{"start":{"line":30,"column":12},"end":{"line":33,"column":13}},"11":{"start":{"line":31,"column":16},"end":{"line":31,"column":45}},"12":{"start":{"line":32,"column":16},"end":{"line":32,"column":22}},"13":{"start":{"line":34,"column":12},"end":{"line":34,"column":44}},"14":{"start":{"line":39,"column":8},"end":{"line":39,"column":30}},"15":{"start":{"line":40,"column":8},"end":{"line":40,"column":31}},"16":{"start":{"line":44,"column":8},"end":{"line":44,"column":65}},"17":{"start":{"line":48,"column":33},"end":{"line":48,"column":43}},"18":{"start":{"line":49,"column":54},"end":{"line":49,"column":64}},"19":{"start":{"line":51,"column":8},"end":{"line":59,"column":10}},"20":{"start":{"line":52,"column":30},"end":{"line":52,"column":67}},"21":{"start":{"line":52,"column":53},"end":{"line":52,"column":66}},"22":{"start":{"line":53,"column":12},"end":{"line":57,"column":13}},"23":{"start":{"line":54,"column":16},"end":{"line":56,"column":17}},"24":{"start":{"line":55,"column":20},"end":{"line":55,"column":47}},"25":{"start":{"line":58,"column":12},"end":{"line":58,"column":21}},"26":{"start":{"line":61,"column":8},"end":{"line":86,"column":9}},"27":{"start":{"line":70,"column":49},"end":{"line":70,"column":85}},"28":{"start":{"line":78,"column":32},"end":{"line":80,"column":37}}},"fnMap":{"0":{"name":"(anonymous_0)","decl":{"start":{"line":9,"column":4},"end":{"line":9,"column":5}},"loc":{"start":{"line":9,"column":23},"end":{"line":15,"column":5}},"line":9},"1":{"name":"(anonymous_1)","decl":{"start":{"line":17,"column":18},"end":{"line":17,"column":19}},"loc":{"start":{"line":17,"column":29},"end":{"line":36,"column":5}},"line":17},"2":{"name":"(anonymous_2)","decl":{"start":{"line":25,"column":18},"end":{"line":25,"column":19}},"loc":{"start":{"line":25,"column":29},"end":{"line":35,"column":9}},"line":25},"3":{"name":"(anonymous_3)","decl":{"start":{"line":38,"column":18},"end":{"line":38,"column":19}},"loc":{"start":{"line":38,"column":29},"end":{"line":41,"column":5}},"line":38},"4":{"name":"(anonymous_4)","decl":{"start":{"line":43,"column":4},"end":{"line":43,"column":5}},"loc":{"start":{"line":43,"column":24},"end":{"line":45,"column":5}},"line":43},"5":{"name":"(anonymous_5)","decl":{"start":{"line":47,"column":4},"end":{"line":47,"column":5}},"loc":{"start":{"line":47,"column":13},"end":{"line":87,"column":5}},"line":47},"6":{"name":"(anonymous_6)","decl":{"start":{"line":51,"column":20},"end":{"line":51,"column":21}},"loc":{"start":{"line":51,"column":27},"end":{"line":59,"column":9}},"line":51},"7":{"name":"(anonymous_7)","decl":{"start":{"line":52,"column":48},"end":{"line":52,"column":49}},"loc":{"start":{"line":52,"column":53},"end":{"line":52,"column":66}},"line":52},"8":{"name":"(anonymous_8)","decl":{"start":{"line":70,"column":38},"end":{"line":70,"column":39}},"loc":{"start":{"line":70,"column":49},"end":{"line":70,"column":85}},"line":70},"9":{"name":"(anonymous_9)","decl":{"start":{"line":76,"column":37},"end":{"line":76,"column":38}},"loc":{"start":{"line":78,"column":32},"end":{"line":80,"column":37}},"line":78}},"branchMap":{"0":{"loc":{"start":{"line":19,"column":8},"end":{"line":22,"column":9}},"type":"if","locations":[{"start":{"line":19,"column":8},"end":{"line":22,"column":9}},{"start":{"line":19,"column":8},"end":{"line":22,"column":9}}],"line":19},"1":{"loc":{"start":{"line":26,"column":12},"end":{"line":29,"column":13}},"type":"if","locations":[{"start":{"line":26,"column":12},"end":{"line":29,"column":13}},{"start":{"line":26,"column":12},"end":{"line":29,"column":13}}],"line":26},"2":{"loc":{"start":{"line":30,"column":12},"end":{"line":33,"column":13}},"type":"if","locations":[{"start":{"line":30,"column":12},"end":{"line":33,"column":13}},{"start":{"line":30,"column":12},"end":{"line":33,"column":13}}],"line":30},"3":{"loc":{"start":{"line":53,"column":12},"end":{"line":57,"column":13}},"type":"if","locations":[{"start":{"line":53,"column":12},"end":{"line":57,"column":13}},{"start":{"line":53,"column":12},"end":{"line":57,"column":13}}],"line":53},"4":{"loc":{"start":{"line":54,"column":16},"end":{"line":56,"column":17}},"type":"if","locations":[{"start":{"line":54,"column":16},"end":{"line":56,"column":17}},{"start":{"line":54,"column":16},"end":{"line":56,"column":17}}],"line":54}},"s":{"0":1,"1":0,"2":0,"3":0,"4":0,"5":0,"6":0,"7":0,"8":0,"9":0,"10":0,"11":0,"12":0,"13":0,"14":0,"15":0,"16":0,"17":0,"18":0,"19":0,"20":0,"21":0,"22":0,"23":0,"24":0,"25":0,"26":0,"27":0,"28":0},"f":{"0":0,"1":0,"2":0,"3":0,"4":0,"5":0,"6":0,"7":0,"8":0,"9":0},"b":{"0":[0,0],"1":[0,0],"2":[0,0],"3":[0,0],"4":[0,0]},"_coverageSchema":"332fd63041d2c1bcb487cc26dd0d5f7d97098a6c","hash":"f716269d7a9badc4dd848269d4353b8d90d67885"}
,"/Users/ricardo/projetos/react-nano-degree/myReads/src/components/BookSelfChanger.js": {"path":"/Users/ricardo/projetos/react-nano-degree/myReads/src/components/BookSelfChanger.js","statementMap":{"0":{"start":{"line":3,"column":24},"end":{"line":14,"column":1}},"1":{"start":{"line":4,"column":4},"end":{"line":13,"column":10}},"2":{"start":{"line":5,"column":37},"end":{"line":5,"column":87}},"3":{"start":{"line":9,"column":20},"end":{"line":9,"column":82}}},"fnMap":{"0":{"name":"(anonymous_0)","decl":{"start":{"line":3,"column":24},"end":{"line":3,"column":25}},"loc":{"start":{"line":4,"column":4},"end":{"line":13,"column":10}},"line":4},"1":{"name":"(anonymous_1)","decl":{"start":{"line":5,"column":26},"end":{"line":5,"column":27}},"loc":{"start":{"line":5,"column":37},"end":{"line":5,"column":87}},"line":5},"2":{"name":"(anonymous_2)","decl":{"start":{"line":8,"column":34},"end":{"line":8,"column":35}},"loc":{"start":{"line":9,"column":20},"end":{"line":9,"column":82}},"line":9}},"branchMap":{"0":{"loc":{"start":{"line":5,"column":96},"end":{"line":5,"column":150}},"type":"cond-expr","locations":[{"start":{"line":5,"column":129},"end":{"line":5,"column":145}},{"start":{"line":5,"column":148},"end":{"line":5,"column":150}}],"line":5}},"s":{"0":2,"1":0,"2":0,"3":0},"f":{"0":0,"1":0,"2":0},"b":{"0":[0,0]},"_coverageSchema":"332fd63041d2c1bcb487cc26dd0d5f7d97098a6c","hash":"b4f7319159062449bd2d7b2374246775f66ee23e"}
,"/Users/ricardo/projetos/react-nano-degree/myReads/src/components/Bookshelf.js": {"path":"/Users/ricardo/projetos/react-nano-degree/myReads/src/components/Bookshelf.js","statementMap":{"0":{"start":{"line":4,"column":17},"end":{"line":20,"column":1}},"1":{"start":{"line":5,"column":43},"end":{"line":5,"column":48}},"2":{"start":{"line":6,"column":4},"end":{"line":19,"column":5}},"3":{"start":{"line":12,"column":20},"end":{"line":14,"column":25}}},"fnMap":{"0":{"name":"(anonymous_0)","decl":{"start":{"line":4,"column":17},"end":{"line":4,"column":18}},"loc":{"start":{"line":4,"column":26},"end":{"line":20,"column":1}},"line":4},"1":{"name":"(anonymous_1)","decl":{"start":{"line":11,"column":33},"end":{"line":11,"column":34}},"loc":{"start":{"line":12,"column":20},"end":{"line":14,"column":25}},"line":12}},"branchMap":{},"s":{"0":1,"1":0,"2":0,"3":0},"f":{"0":0,"1":0},"b":{},"_coverageSchema":"332fd63041d2c1bcb487cc26dd0d5f7d97098a6c","hash":"bfcf5910c19a403c89f24acbd10044251fcb302f"}
,"/Users/ricardo/projetos/react-nano-degree/myReads/src/utils/If.js": {"path":"/Users/ricardo/projetos/react-nano-degree/myReads/src/utils/If.js","statementMap":{"0":{"start":{"line":2,"column":4},"end":{"line":6,"column":5}},"1":{"start":{"line":3,"column":8},"end":{"line":3,"column":29}},"2":{"start":{"line":5,"column":8},"end":{"line":5,"column":20}}},"fnMap":{"0":{"name":"(anonymous_0)","decl":{"start":{"line":1,"column":15},"end":{"line":1,"column":16}},"loc":{"start":{"line":1,"column":24},"end":{"line":7,"column":1}},"line":1}},"branchMap":{"0":{"loc":{"start":{"line":2,"column":4},"end":{"line":6,"column":5}},"type":"if","locations":[{"start":{"line":2,"column":4},"end":{"line":6,"column":5}},{"start":{"line":2,"column":4},"end":{"line":6,"column":5}}],"line":2}},"s":{"0":0,"1":0,"2":0},"f":{"0":0},"b":{"0":[0,0]},"_coverageSchema":"332fd63041d2c1bcb487cc26dd0d5f7d97098a6c","hash":"809577b898da066b42ca0b7f5235548afe53518d"}
,"/Users/ricardo/projetos/react-nano-degree/myReads/src/utils/header.js": {"path":"/Users/ricardo/projetos/react-nano-degree/myReads/src/utils/header.js","statementMap":{"0":{"start":{"line":5,"column":15},"end":{"line":12,"column":1}},"1":{"start":{"line":6,"column":4},"end":{"line":11,"column":10}}},"fnMap":{"0":{"name":"(anonymous_0)","decl":{"start":{"line":5,"column":15},"end":{"line":5,"column":16}},"loc":{"start":{"line":6,"column":4},"end":{"line":11,"column":10}},"line":6}},"branchMap":{},"s":{"0":1,"1":0},"f":{"0":0},"b":{},"_coverageSchema":"332fd63041d2c1bcb487cc26dd0d5f7d97098a6c","hash":"e890a5b7c7bc1679b33f10117e7ed7308568ebc0"}
}
